[INFO ] 2022-07-23 12:51:43.302 [main] StepDef - setup executed
[INFO ] 2022-07-23 12:51:43.410 [main] StepDef - Browser Launched
[INFO ] 2022-07-23 12:51:48.652 [main] StepDef - url opened
[INFO ] 2022-07-23 12:51:49.929 [main] StepDef - email and password entered
[INFO ] 2022-07-23 12:52:12.140 [main] StepDef - Login Successful
[WARN ] 2022-07-23 12:52:12.162 [main] StepDef - Test Passed : Page title Matched
[INFO ] 2022-07-23 12:52:15.158 [main] StepDef - Logout successful
[WARN ] 2022-07-23 12:52:15.171 [main] StepDef - Test Passed : Page title Matched
[INFO ] 2022-07-23 12:52:15.173 [main] StepDef - Browser closed
[INFO ] 2022-07-23 12:57:19.317 [main] StepDef - setup executed
[INFO ] 2022-07-23 12:57:19.394 [main] StepDef - Browser Launched
[INFO ] 2022-07-23 12:57:25.329 [main] StepDef - url opened
[INFO ] 2022-07-23 12:57:25.979 [main] StepDef - email and password entered
[INFO ] 2022-07-23 12:57:38.193 [main] StepDef - Login Successful
[WARN ] 2022-07-23 12:57:38.233 [main] StepDef - Test Passed : Page title Matched
[INFO ] 2022-07-23 12:57:44.361 [main] StepDef - Logout successful
[WARN ] 2022-07-23 12:57:44.371 [main] StepDef - Test Passed : Page title Matched
[INFO ] 2022-07-23 12:57:45.303 [main] StepDef - Browser closed
[INFO ] 2022-07-23 12:58:47.495 [main] StepDef - setup executed
[INFO ] 2022-07-23 12:58:47.553 [main] StepDef - Browser Launched
[INFO ] 2022-07-23 12:58:54.605 [main] StepDef - url opened
[INFO ] 2022-07-23 12:58:55.404 [main] StepDef - email and password entered
[INFO ] 2022-07-23 12:59:06.747 [main] StepDef - Login Successful
[INFO ] 2022-07-23 12:59:06.764 [main] StepDef - user see Dashboard
[INFO ] 2022-07-23 12:59:07.135 [main] StepDef - user click on customer menu
[INFO ] 2022-07-23 12:59:15.791 [main] StepDef - user click on Customer Menu item
[INFO ] 2022-07-23 12:59:26.294 [main] StepDef - user click on Add new Button
[INFO ] 2022-07-23 12:59:26.365 [main] StepDef - user can view add new customer Page
[INFO ] 2022-07-23 12:59:29.025 [main] StepDef - user successfully enter customer information
[INFO ] 2022-07-23 12:59:33.411 [main] StepDef - click on save
[INFO ] 2022-07-23 12:59:33.538 [main] StepDef - user can view confirmation message
[INFO ] 2022-07-23 12:59:38.357 [main] StepDef - Browser closed
[INFO ] 2022-07-23 12:59:43.841 [main] StepDef - setup executed
[INFO ] 2022-07-23 12:59:43.846 [main] StepDef - Browser Launched
[INFO ] 2022-07-23 12:59:49.255 [main] StepDef - url opened
[INFO ] 2022-07-23 12:59:50.001 [main] StepDef - email and password entered
[INFO ] 2022-07-23 13:00:07.033 [main] StepDef - Login Successful
[INFO ] 2022-07-23 13:00:07.091 [main] StepDef - user see Dashboard
[INFO ] 2022-07-23 13:00:07.500 [main] StepDef - user click on customer menu
[INFO ] 2022-07-23 13:00:16.240 [main] StepDef - user click on Customer Menu item
[INFO ] 2022-07-23 13:00:17.096 [main] StepDef - Customer email entered successfully
[INFO ] 2022-07-23 13:00:17.492 [main] StepDef - click on search
[INFO ] 2022-07-23 13:00:19.727 [main] StepDef - user found email in search table
[INFO ] 2022-07-23 13:00:20.456 [main] StepDef - Browser closed
[INFO ] 2022-07-23 13:00:25.643 [main] StepDef - setup executed
[INFO ] 2022-07-23 13:00:25.645 [main] StepDef - Browser Launched
[INFO ] 2022-07-23 13:00:31.240 [main] StepDef - url opened
[INFO ] 2022-07-23 13:00:31.978 [main] StepDef - email and password entered
[INFO ] 2022-07-23 13:00:49.551 [main] StepDef - Login Successful
[INFO ] 2022-07-23 13:00:49.605 [main] StepDef - user see Dashboard
[INFO ] 2022-07-23 13:00:50.058 [main] StepDef - user click on customer menu
[INFO ] 2022-07-23 13:00:55.658 [main] StepDef - user click on Customer Menu item
[INFO ] 2022-07-23 13:00:56.180 [main] StepDef - Customer name entered successfully
[INFO ] 2022-07-23 13:00:56.428 [main] StepDef - click on search
[INFO ] 2022-07-23 13:00:59.796 [main] StepDef - user found name in search table
[INFO ] 2022-07-23 13:01:01.062 [main] StepDef - Browser closed
[INFO ] 2022-07-23 13:01:06.493 [main] StepDef - setup executed
[INFO ] 2022-07-23 13:01:06.502 [main] StepDef - Browser Launched
[INFO ] 2022-07-23 13:01:11.047 [main] StepDef - url opened
[INFO ] 2022-07-23 13:01:12.013 [main] StepDef - email and password entered
[INFO ] 2022-07-23 13:01:23.849 [main] StepDef - Login Successful
[WARN ] 2022-07-23 13:01:23.884 [main] StepDef - Test Passed : Page title Matched
[INFO ] 2022-07-23 13:01:26.895 [main] StepDef - Logout successful
[WARN ] 2022-07-23 13:01:26.907 [main] StepDef - Test Passed : Page title Matched
[INFO ] 2022-07-23 13:01:27.676 [main] StepDef - Browser closed
[INFO ] 2022-07-23 13:01:32.981 [main] StepDef - setup executed
[INFO ] 2022-07-23 13:01:32.984 [main] StepDef - Browser Launched
[INFO ] 2022-07-23 13:01:36.655 [main] StepDef - url opened
[INFO ] 2022-07-23 13:01:37.503 [main] StepDef - email and password entered
[INFO ] 2022-07-23 13:01:48.115 [main] StepDef - Login Successful
[WARN ] 2022-07-23 13:01:48.133 [main] StepDef - Test Passed : Page title Matched
[INFO ] 2022-07-23 13:01:51.316 [main] StepDef - Logout successful
[WARN ] 2022-07-23 13:01:51.323 [main] StepDef - Test Passed : Page title Matched
[INFO ] 2022-07-23 13:01:52.020 [main] StepDef - Browser closed
[INFO ] 2022-07-23 13:01:57.343 [main] StepDef - setup executed
[INFO ] 2022-07-23 13:01:57.347 [main] StepDef - Browser Launched
[INFO ] 2022-07-23 13:02:01.165 [main] StepDef - url opened
[INFO ] 2022-07-23 13:02:01.843 [main] StepDef - email and password entered
[INFO ] 2022-07-23 13:02:03.033 [main] StepDef - Login Successful
[INFO ] 2022-07-23 13:06:59.281 [main] StepDef - setup executed
[INFO ] 2022-07-23 13:06:59.395 [main] StepDef - Browser Launched
[INFO ] 2022-07-23 13:07:05.646 [main] StepDef - url opened
[INFO ] 2022-07-23 13:07:06.480 [main] StepDef - email and password entered
[INFO ] 2022-07-23 13:07:20.191 [main] StepDef - Login Successful
[WARN ] 2022-07-23 13:07:20.217 [main] StepDef - Test Passed : Page title Matched
[INFO ] 2022-07-23 13:07:23.983 [main] StepDef - Logout successful
[WARN ] 2022-07-23 13:07:23.993 [main] StepDef - Test Passed : Page title Matched
[INFO ] 2022-07-23 13:07:25.370 [main] StepDef - Browser closed
[INFO ] 2022-07-23 16:56:39.563 [main] StepDef - setup executed
[INFO ] 2022-07-23 16:56:39.624 [main] StepDef - Browser Launched
[INFO ] 2022-07-23 16:57:00.104 [main] StepDef - url opened
[INFO ] 2022-07-23 16:57:01.261 [main] StepDef - email and password entered
[INFO ] 2022-07-23 16:57:10.995 [main] StepDef - Login Successful
[WARN ] 2022-07-23 16:57:11.025 [main] StepDef - Test Passed : Page title Matched
[INFO ] 2022-07-23 16:58:32.553 [main] StepDef - setup executed
[INFO ] 2022-07-23 16:58:32.617 [main] StepDef - Browser Launched
[INFO ] 2022-07-23 16:58:36.780 [main] StepDef - url opened
[INFO ] 2022-07-23 16:58:37.448 [main] StepDef - email and password entered
[INFO ] 2022-07-23 16:58:44.911 [main] StepDef - Login Successful
[WARN ] 2022-07-23 16:58:44.931 [main] StepDef - Test Passed : Page title Matched
[INFO ] 2022-07-23 16:58:47.408 [main] StepDef - Logout successful
[WARN ] 2022-07-23 16:58:47.420 [main] StepDef - Test Passed : Page title Matched
[INFO ] 2022-07-23 16:58:48.075 [main] StepDef - Browser closed
[INFO ] 2022-07-23 17:58:26.759 [main] StepDef - setup executed
[INFO ] 2022-07-23 17:58:26.841 [main] StepDef - Browser Launched
[INFO ] 2022-07-23 17:59:05.317 [main] StepDef - url opened
[INFO ] 2022-07-23 17:59:06.439 [main] StepDef - email and password entered
[INFO ] 2022-07-23 17:59:14.630 [main] StepDef - Login Successful
[INFO ] 2022-07-23 17:59:15.760 [main] StepDef - user see Dashboard
[INFO ] 2022-07-23 17:59:16.228 [main] StepDef - user click on customer menu
[INFO ] 2022-07-23 17:59:21.211 [main] StepDef - user click on Customer Menu item
[INFO ] 2022-07-23 17:59:24.881 [main] StepDef - user click on Add new Button
[INFO ] 2022-07-23 17:59:24.946 [main] StepDef - user can view add new customer Page
[INFO ] 2022-07-23 17:59:27.937 [main] StepDef - user successfully enter customer information
[INFO ] 2022-07-23 17:59:33.011 [main] StepDef - click on save
[INFO ] 2022-07-23 17:59:33.334 [main] StepDef - user can view confirmation message
[INFO ] 2022-07-23 17:59:34.254 [main] StepDef - Browser closed
[INFO ] 2022-07-23 17:59:39.031 [main] StepDef - setup executed
[INFO ] 2022-07-23 17:59:39.035 [main] StepDef - Browser Launched
[INFO ] 2022-07-23 17:59:43.258 [main] StepDef - url opened
[INFO ] 2022-07-23 17:59:44.047 [main] StepDef - email and password entered
[INFO ] 2022-07-23 17:59:52.504 [main] StepDef - Login Successful
[INFO ] 2022-07-23 17:59:52.553 [main] StepDef - user see Dashboard
[INFO ] 2022-07-23 17:59:52.985 [main] StepDef - user click on customer menu
[INFO ] 2022-07-23 17:59:57.079 [main] StepDef - user click on Customer Menu item
[INFO ] 2022-07-23 17:59:57.682 [main] StepDef - Customer email entered successfully
[INFO ] 2022-07-23 17:59:58.000 [main] StepDef - click on search
[INFO ] 2022-07-23 18:00:01.164 [main] StepDef - user found email in search table
[INFO ] 2022-07-23 18:00:01.897 [main] StepDef - Browser closed
[INFO ] 2022-07-23 18:00:06.429 [main] StepDef - setup executed
[INFO ] 2022-07-23 18:00:06.435 [main] StepDef - Browser Launched
[INFO ] 2022-07-23 18:00:10.251 [main] StepDef - url opened
[INFO ] 2022-07-23 18:00:11.037 [main] StepDef - email and password entered
[INFO ] 2022-07-23 18:00:19.260 [main] StepDef - Login Successful
[INFO ] 2022-07-23 18:00:19.276 [main] StepDef - user see Dashboard
[INFO ] 2022-07-23 18:00:19.671 [main] StepDef - user click on customer menu
[INFO ] 2022-07-23 18:00:24.098 [main] StepDef - user click on Customer Menu item
[INFO ] 2022-07-23 18:00:24.542 [main] StepDef - Customer name entered successfully
[INFO ] 2022-07-23 18:00:24.920 [main] StepDef - click on search
[INFO ] 2022-07-23 18:00:27.984 [main] StepDef - user found name in search table
[INFO ] 2022-07-23 18:00:28.678 [main] StepDef - Browser closed
[INFO ] 2022-07-23 18:00:33.421 [main] StepDef - setup executed
[INFO ] 2022-07-23 18:00:33.423 [main] StepDef - Browser Launched
[INFO ] 2022-07-23 18:00:39.064 [main] StepDef - url opened
[INFO ] 2022-07-23 18:00:39.874 [main] StepDef - email and password entered
[INFO ] 2022-07-23 18:00:48.580 [main] StepDef - Login Successful
[WARN ] 2022-07-23 18:00:48.597 [main] StepDef - Test Passed : Page title Matched
[INFO ] 2022-07-23 18:00:52.425 [main] StepDef - Logout successful
[WARN ] 2022-07-23 18:00:52.447 [main] StepDef - Test Passed : Page title Matched
[INFO ] 2022-07-23 18:00:53.193 [main] StepDef - Browser closed
[INFO ] 2022-07-23 18:00:57.718 [main] StepDef - setup executed
[INFO ] 2022-07-23 18:00:57.722 [main] StepDef - Browser Launched
[INFO ] 2022-07-23 18:01:01.920 [main] StepDef - url opened
[INFO ] 2022-07-23 18:01:02.798 [main] StepDef - email and password entered
[INFO ] 2022-07-23 18:01:09.889 [main] StepDef - Login Successful
[WARN ] 2022-07-23 18:01:10.354 [main] StepDef - Test Passed : Page title Matched
[INFO ] 2022-07-23 18:01:13.388 [main] StepDef - Logout successful
[WARN ] 2022-07-23 18:01:13.395 [main] StepDef - Test Passed : Page title Matched
[INFO ] 2022-07-23 18:01:18.039 [main] StepDef - Browser closed
[INFO ] 2022-07-23 18:01:22.748 [main] StepDef - setup executed
[INFO ] 2022-07-23 18:01:22.754 [main] StepDef - Browser Launched
[INFO ] 2022-07-23 18:01:27.182 [main] StepDef - url opened
[INFO ] 2022-07-23 18:01:27.980 [main] StepDef - email and password entered
[INFO ] 2022-07-23 18:01:28.877 [main] StepDef - Login Successful
